<?xml version="1.0" encoding="UTF-8"?>
<!-- Generated by org.testng.reporters.JUnitReportReporter -->
<testsuite hostname="kshitija1108" failures="0" tests="2" name="runner.LoginRunner" time="0.118" errors="0" timestamp="2024-02-22T21:42:09 IST" skipped="0">
  <testcase classname="runner.LoginRunner" name="runScenario" time="0.093"/>
  <testcase classname="runner.LoginRunner" name="runScenario" time="0.025"/>
</testsuite> <!-- runner.LoginRunner -->
